[STEP] [2024-01-24 15:23:27] Looking for PHP CLI executable file.
[INFO] [2024-01-24 15:23:28] PHP CLI Filename: php
[INFO] [2024-01-24 15:23:28] PHP CLI Version: 8.0.28 (cli)
[INFO] [2024-01-24 15:23:28] PHP CLI Memory limit: 128M/512M
[INFO] [2024-01-24 15:23:28] PHP CLI Execution limit: 0/0
[SUCCESS] [2024-01-24 15:23:28] We properly detected PHP CLI executable file.
[SUCCESS] [2024-01-24 15:23:28] [CLI] Backup via PHP CLI initialized successfully.
[STEP] [2024-01-24 15:23:28] [CLI] Initializing backup...
[INFO] [2024-01-24 15:23:28] [CLI] Backup & Migration version: 1.4.1
[INFO] [2024-01-24 15:23:28] [CLI] Site which will be backed up: http://localhost
[INFO] [2024-01-24 15:23:28] [CLI] PHP Version: 8.0.28
[INFO] [2024-01-24 15:23:28] [CLI] WP Version: 6.4.2
[INFO] [2024-01-24 15:23:28] [CLI] MySQL Version: 10.6.4
[INFO] [2024-01-24 15:23:28] [CLI] MySQL Max Length: 16777216
[INFO] [2024-01-24 15:23:28] [CLI] Web server: Not available
[INFO] [2024-01-24 15:23:28] [CLI] Max execution time (in seconds): 259200
[INFO] [2024-01-24 15:23:28] [CLI] Memory limit (server): 128M
[INFO] [2024-01-24 15:23:28] [CLI] Memory limit (wp-config): 40M
[INFO] [2024-01-24 15:23:28] [CLI] Memory limit (wp-config admin): 256M
[INFO] [2024-01-24 15:23:28] [CLI] Max rows per query (this site): 2000
[INFO] [2024-01-24 15:23:28] [CLI] Checking if backup dir is writable...
[INFO] [2024-01-24 15:23:28] [CLI] Initializing custom error handler
[SUCCESS] [2024-01-24 15:23:28] [CLI] Yup it is writable...
[STEP] [2024-01-24 15:23:28] [CLI] Scanning files...
[WARN] [2024-01-24 15:23:28] [CLI] Removing file from backup (due to path rules): /var/www/html/wp-content/backup-migration-config.php
[INFO] [2024-01-24 15:23:28] [CLI] Total size of excluded files: 2075 bytes
[VERBOSE] [2024-01-24 15:23:28] [CLI] Total size of excluded files (bytes): 2075
[STEP] [2024-01-24 15:23:28] [CLI] Checking free space, reserving...
[INFO] [2024-01-24 15:23:28] [CLI] Requires at least 120425062 bytes. [114.85 MB]
[INFO] [2024-01-24 15:23:28] [CLI] Disk free space function is not disabled - using it...
[INFO] [2024-01-24 15:23:28] [CLI] Checking this path/partition: /var/www/html/wp-content/backup-migration-yRLtr8eoYZ/backups
[SUCCESS] [2024-01-24 15:23:28] [CLI] There is 66,292.89 MB free. [64.74 GB]
[SUCCESS] [2024-01-24 15:23:28] [CLI] Great! We have enough space.
[SUCCESS] [2024-01-24 15:23:28] [CLI] Confirmed, there is more than enough space, checked: 120425062 bytes
[INFO] [2024-01-24 15:23:28] [CLI] Scanning done - found 1133 files...
[SUCCESS] [2024-01-24 15:23:28] [CLI] Backup initialized...
[STEP] [2024-01-24 15:23:28] [CLI] Initializing archiving system...
[SUCCESS] [2024-01-24 15:23:28] [CLI] Archive system initialized...
[STEP] [2024-01-24 15:23:28] [CLI] Preparing map of files...
[SUCCESS] [2024-01-24 15:23:28] [CLI] Files prepared.
[INFO] [2024-01-24 15:23:28] [CLI] Starting compression process...
[STEP] [2024-01-24 15:23:28] [CLI] Smart memory calculation...
[INFO] [2024-01-24 15:23:28] [CLI] There is 384 MBs of memory to use
[INFO] [2024-01-24 15:23:28] [CLI] WordPress memory limit: 256 MBs
[SUCCESS] [2024-01-24 15:23:28] [CLI] Setting the safe limit to 86 MB
[INFO] [2024-01-24 15:23:28] [CLI] Using PclZip module to create the backup
[INFO] [2024-01-24 15:23:28] [CLI] Legacy setting: Using default modules depending on user server
[STEP] [2024-01-24 15:23:28] [CLI] Making database backup (using v3 engine, requires at least v1.2.2 to restore)
[INFO] [2024-01-24 15:23:28] [CLI] Iterating database...
[INFO] [2024-01-24 15:23:28] [CLI] Memory usage after initialization: 13.14 MB
[VERBOSE] [2024-01-24 15:23:28] [CLI] Exporting database via zip.php
[INFO] [2024-01-24 15:23:28] [CLI] Scan found 42 tables (1312 rows), estimated total size: 8.79 MB.
[INFO] [2024-01-24 15:23:28] [CLI] Memory usage after getting table names: 13.16 MB 
[INFO] [2024-01-24 15:23:28] [CLI] Getting table recipes...
[INFO] [2024-01-24 15:23:28] [CLI] Table recipes have been exported.
[INFO] [2024-01-24 15:23:28] [CLI] Memory usage after loading recipes: 13.24 MB 
[INFO] [2024-01-24 15:23:28] [CLI] Saving recipes...
[INFO] [2024-01-24 15:23:28] [CLI] Recipes saved.
[INFO] [2024-01-24 15:23:28] [CLI] Memory usage after recipe off-load: 13.17 MB
[INFO] [2024-01-24 15:23:28] [CLI] Exporting table data...
[STEP] [2024-01-24 15:23:28] [CLI] Getting data of table: mb_access_ip (1/42, 0.03 MB)
[INFO] [2024-01-24 15:23:28] [CLI] Table mb_access_ip is empty, saving only recipe.
[STEP] [2024-01-24 15:23:28] [CLI] Getting data of table: mb_analytics (2/42, 0.03 MB)
[SUCCESS] [2024-01-24 15:23:28] [CLI] Table export for: mb_analytics finished (0.00900s)
[STEP] [2024-01-24 15:23:28] [CLI] Getting data of table: mb_bbs_faq (3/42, 0.27 MB)
[SUCCESS] [2024-01-24 15:23:28] [CLI] Table export for: mb_bbs_faq finished (0.00422s)
[STEP] [2024-01-24 15:23:28] [CLI] Getting data of table: mb_bbs_faq_comment (4/42, 0.06 MB)
[INFO] [2024-01-24 15:23:28] [CLI] Table mb_bbs_faq_comment is empty, saving only recipe.
[STEP] [2024-01-24 15:23:28] [CLI] Getting data of table: mb_boards (5/42, 0.14 MB)
[SUCCESS] [2024-01-24 15:23:28] [CLI] Table export for: mb_boards finished (0.00672s)
[STEP] [2024-01-24 15:23:28] [CLI] Getting data of table: mb_cookies (6/42, 0.08 MB)
[INFO] [2024-01-24 15:23:28] [CLI] Table mb_cookies is empty, saving only recipe.
[STEP] [2024-01-24 15:23:28] [CLI] Getting data of table: mb_edu_list (7/42, 0.27 MB)
[SUCCESS] [2024-01-24 15:23:28] [CLI] Table export for: mb_edu_list finished (0.00752s)
[STEP] [2024-01-24 15:23:28] [CLI] Getting data of table: mb_edu_list_comment (8/42, 0.06 MB)
[INFO] [2024-01-24 15:23:28] [CLI] Table mb_edu_list_comment is empty, saving only recipe.
[STEP] [2024-01-24 15:23:28] [CLI] Getting data of table: mb_edu_review (9/42, 0.27 MB)
[SUCCESS] [2024-01-24 15:23:28] [CLI] Table export for: mb_edu_review finished (0.00273s)
[STEP] [2024-01-24 15:23:28] [CLI] Getting data of table: mb_edu_review_comment (10/42, 0.06 MB)
[INFO] [2024-01-24 15:23:28] [CLI] Table mb_edu_review_comment is empty, saving only recipe.
[STEP] [2024-01-24 15:23:28] [CLI] Getting data of table: mb_edu_status (11/42, 0.27 MB)
[SUCCESS] [2024-01-24 15:23:28] [CLI] Table export for: mb_edu_status finished (0.00227s)
[STEP] [2024-01-24 15:23:28] [CLI] Getting data of table: mb_edu_status_comment (12/42, 0.06 MB)
[INFO] [2024-01-24 15:23:28] [CLI] Table mb_edu_status_comment is empty, saving only recipe.
[STEP] [2024-01-24 15:23:28] [CLI] Getting data of table: mb_files (13/42, 0.17 MB)
[SUCCESS] [2024-01-24 15:23:28] [CLI] Table export for: mb_files finished (0.00806s)
[STEP] [2024-01-24 15:23:28] [CLI] Getting data of table: mb_h_editors (14/42, 0.03 MB)
[INFO] [2024-01-24 15:23:28] [CLI] Table mb_h_editors is empty, saving only recipe.
[STEP] [2024-01-24 15:23:28] [CLI] Getting data of table: mb_logs (15/42, 0.08 MB)
[SUCCESS] [2024-01-24 15:23:28] [CLI] Table export for: mb_logs finished (0.00204s)
[STEP] [2024-01-24 15:23:28] [CLI] Getting data of table: mb_meta (16/42, 0.05 MB)
[SUCCESS] [2024-01-24 15:23:28] [CLI] Table export for: mb_meta finished (0.00199s)
[STEP] [2024-01-24 15:23:28] [CLI] Getting data of table: mb_notice (17/42, 0.27 MB)
[SUCCESS] [2024-01-24 15:23:28] [CLI] Table export for: mb_notice finished (0.00659s)
[STEP] [2024-01-24 15:23:28] [CLI] Getting data of table: mb_notice_comment (18/42, 0.06 MB)
[INFO] [2024-01-24 15:23:28] [CLI] Table mb_notice_comment is empty, saving only recipe.
[STEP] [2024-01-24 15:23:28] [CLI] Getting data of table: mb_options (19/42, 0.09 MB)
[SUCCESS] [2024-01-24 15:23:28] [CLI] Table export for: mb_options finished (0.01398s)
[STEP] [2024-01-24 15:23:28] [CLI] Getting data of table: mb_question (20/42, 0.27 MB)
[SUCCESS] [2024-01-24 15:23:28] [CLI] Table export for: mb_question finished (0.00301s)
[STEP] [2024-01-24 15:23:28] [CLI] Getting data of table: mb_question_comment (21/42, 0.06 MB)
[SUCCESS] [2024-01-24 15:23:28] [CLI] Table export for: mb_question_comment finished (0.00229s)
[STEP] [2024-01-24 15:23:28] [CLI] Getting data of table: mb_referers (22/42, 0.09 MB)
[INFO] [2024-01-24 15:23:28] [CLI] Table mb_referers is empty, saving only recipe.
[STEP] [2024-01-24 15:23:28] [CLI] Getting data of table: mb_register (23/42, 0.27 MB)
[SUCCESS] [2024-01-24 15:23:28] [CLI] Table export for: mb_register finished (0.00565s)
[STEP] [2024-01-24 15:23:28] [CLI] Getting data of table: mb_register_comment (24/42, 0.06 MB)
[INFO] [2024-01-24 15:23:28] [CLI] Table mb_register_comment is empty, saving only recipe.
[STEP] [2024-01-24 15:23:28] [CLI] Getting data of table: mb_users (25/42, 0.09 MB)
[SUCCESS] [2024-01-24 15:23:28] [CLI] Table export for: mb_users finished (0.00268s)
[STEP] [2024-01-24 15:23:28] [CLI] Getting data of table: wp_commentmeta (26/42, 0.05 MB)
[INFO] [2024-01-24 15:23:28] [CLI] Table wp_commentmeta is empty, saving only recipe.
[STEP] [2024-01-24 15:23:28] [CLI] Getting data of table: wp_comments (27/42, 0.09 MB)
[SUCCESS] [2024-01-24 15:23:28] [CLI] Table export for: wp_comments finished (0.00225s)
[STEP] [2024-01-24 15:23:28] [CLI] Getting data of table: wp_links (28/42, 0.03 MB)
[INFO] [2024-01-24 15:23:28] [CLI] Table wp_links is empty, saving only recipe.
[STEP] [2024-01-24 15:23:28] [CLI] Getting data of table: wp_options (29/42, 3.05 MB)
[SUCCESS] [2024-01-24 15:23:28] [CLI] Table export for: wp_options finished (0.11976s)
[STEP] [2024-01-24 15:23:28] [CLI] Getting data of table: wp_postmeta (30/42, 0.16 MB)
[SUCCESS] [2024-01-24 15:23:28] [CLI] Table export for: wp_postmeta finished (0.15632s)
[STEP] [2024-01-24 15:23:28] [CLI] Getting data of table: wp_posts (31/42, 1.55 MB)
[SUCCESS] [2024-01-24 15:23:28] [CLI] Table export for: wp_posts finished (0.14808s)
[STEP] [2024-01-24 15:23:28] [CLI] Getting data of table: wp_term_relationships (32/42, 0.03 MB)
[SUCCESS] [2024-01-24 15:23:28] [CLI] Table export for: wp_term_relationships finished (0.00874s)
[STEP] [2024-01-24 15:23:28] [CLI] Getting data of table: wp_term_taxonomy (33/42, 0.05 MB)
[SUCCESS] [2024-01-24 15:23:28] [CLI] Table export for: wp_term_taxonomy finished (0.00330s)
[STEP] [2024-01-24 15:23:28] [CLI] Getting data of table: wp_termmeta (34/42, 0.05 MB)
[INFO] [2024-01-24 15:23:28] [CLI] Table wp_termmeta is empty, saving only recipe.
[STEP] [2024-01-24 15:23:28] [CLI] Getting data of table: wp_terms (35/42, 0.05 MB)
[SUCCESS] [2024-01-24 15:23:28] [CLI] Table export for: wp_terms finished (0.00328s)
[STEP] [2024-01-24 15:23:28] [CLI] Getting data of table: wp_usermeta (36/42, 0.13 MB)
[SUCCESS] [2024-01-24 15:23:28] [CLI] Table export for: wp_usermeta finished (0.01278s)
[STEP] [2024-01-24 15:23:28] [CLI] Getting data of table: wp_users (37/42, 0.06 MB)
[SUCCESS] [2024-01-24 15:23:29] [CLI] Table export for: wp_users finished (0.00199s)
[STEP] [2024-01-24 15:23:29] [CLI] Getting data of table: wp_yoast_indexable (38/42, 0.11 MB)
[SUCCESS] [2024-01-24 15:23:29] [CLI] Table export for: wp_yoast_indexable finished (0.01049s)
[STEP] [2024-01-24 15:23:29] [CLI] Getting data of table: wp_yoast_indexable_hierarchy (39/42, 0.06 MB)
[SUCCESS] [2024-01-24 15:23:29] [CLI] Table export for: wp_yoast_indexable_hierarchy finished (0.00716s)
[STEP] [2024-01-24 15:23:29] [CLI] Getting data of table: wp_yoast_migrations (40/42, 0.03 MB)
[SUCCESS] [2024-01-24 15:23:29] [CLI] Table export for: wp_yoast_migrations finished (0.00724s)
[STEP] [2024-01-24 15:23:29] [CLI] Getting data of table: wp_yoast_primary_term (41/42, 0.05 MB)
[INFO] [2024-01-24 15:23:29] [CLI] Table wp_yoast_primary_term is empty, saving only recipe.
[STEP] [2024-01-24 15:23:29] [CLI] Getting data of table: wp_yoast_seo_links (42/42, 0.05 MB)
[SUCCESS] [2024-01-24 15:23:29] [CLI] Table export for: wp_yoast_seo_links finished (0.00432s)
[INFO] [2024-01-24 15:23:29] [CLI] Table data exported.
[INFO] [2024-01-24 15:23:29] [CLI] Memory usage after data export: 13.16 MB
[INFO] [2024-01-24 15:23:29] [CLI] Entire process took: 0.7049 s
[SUCCESS] [2024-01-24 15:23:29] [CLI] Database backup finished
[STEP] [2024-01-24 15:23:29] [CLI] Making archive
[INFO] [2024-01-24 15:23:29] [CLI] Compressing...
[INFO] [2024-01-24 15:23:29] [CLI] Backup is running under PHP CLI environment.
[STEP] [2024-01-24 15:23:29] [CLI] Adding database SQL file(s) to the backup file.
[VERBOSE] [2024-01-24 15:23:29] [CLI] Database files in total found: 42
[SUCCESS] [2024-01-24 15:23:29] [CLI] Database added to the backup successfully.
[STEP] [2024-01-24 15:23:29] [CLI] Performing site files backup...
[INFO] [2024-01-24 15:23:29] [CLI] Chunks contain 250 files.
[INFO] [2024-01-24 15:23:32] [CLI] Milestone: 500/1133
[INFO] [2024-01-24 15:23:49] [CLI] Milestone: 1000/1133
[INFO] [2024-01-24 15:24:00] [CLI] Milestone: 1133/1133
[SUCCESS] [2024-01-24 15:24:00] [CLI] Compressed 1133 files
[INFO] [2024-01-24 15:24:00] [CLI] Archiving of 1133 files took: 32.16s
[STEP] [2024-01-24 15:24:00] [CLI] Finalizing backup
[INFO] [2024-01-24 15:24:00] [CLI] Generating manifest file and saving current live-log...
[INFO] [2024-01-24 15:24:01] [CLI] Adding manifest...
[SUCCESS] [2024-01-24 15:24:10] [CLI] Manifest file and logs added to the backup. Temporary files removed.
[STEP] [2024-01-24 15:24:10] [CLI] Closing files and archives
[SUCCESS] [2024-01-24 15:24:10] [CLI] Cleanup finished, backup complete.
[SUCCESS] [2024-01-24 15:24:10] [CLI] New backup created and its name is: BM_Backup_2024-01-24_15_23_27_D5XdwaKBe4jHhN8T.zip
[END-CODE] [2024-01-24 15:24:10] [CLI] #001
